Active-HDL 15.0.261.9132 2025-06-12 09:27:01

Elaboration top modules:
Architecture                  behavioral(ControlPath_tb)


------------------------------------------------------------------------------------------------------------------
Entity         | Architecture | Library                  | Info | Compiler Version          | Compilation Options
------------------------------------------------------------------------------------------------------------------
ControlPath_tb | behavioral   | descricao_comportamental |      | 15.0.261.9132 (Windows64) | -O3
ControlPath    | behavioral   | descricao_comportamental |      | 15.0.261.9132 (Windows64) | -O3
------------------------------------------------------------------------------------------------------------------

------------------------------------------------------------------------------------------------------------------
VHDL Package                  | Library                  | Info | Compiler Version          | Compilation Options
------------------------------------------------------------------------------------------------------------------
standard                      | std                      |      |                           | <unavailable>
TEXTIO                        | std                      |      | 15.0.261.9132 (Windows64) |  -2019
std_logic_1164                | ieee                     |      | 15.0.261.9132 (Windows64) |  -2008
SelectionSort_pkg             | descricao_comportamental |      | 15.0.261.9132 (Windows64) | -O3
NUMERIC_STD                   | ieee                     |      | 15.0.261.9132 (Windows64) |  -2008
------------------------------------------------------------------------------------------------------------------

------------------------------------------------------------------------------------------------------------------
Library                       | Comment
------------------------------------------------------------------------------------------------------------------
descricao_comportamental      | None
ieee                          | Standard IEEE packages library
std                           | Standard VHDL library
------------------------------------------------------------------------------------------------------------------
